Build started 16.06.2017 22:54:37.
     1>Project "D:\Programming\raytracer\raytracer\raytracer.vcxproj" on node 2 (Build target(s)).
     1>ClCompile:
         D:\Program Files\Microsoft Visual Studio 11.0\VC\bin\CL.exe /c /ZI /nologo /W3 /WX- /Od /Oy- /D WIN32 /D _DEBUG /D _CONSOLE /D _UNICODE /D UNICODE /Gm /EHsc /RTC1 /MDd /GS /fp:precise /Zc:wchar_t /Zc:forScope /openmp /Fo"Debug\\" /Fd"Debug\vc110.pdb" /Gd /TP /analyze- /errorReport:prompt main.cpp
         main.cpp
     1>d:\programming\raytracer\raytracer\float3.h(22): warning C4244: '=' : conversion from 'const double' to 'float', possible loss of data
     1>d:\programming\raytracer\raytracer\float3.h(101): warning C4244: '=' : conversion from 'const double' to 'float', possible loss of data
     1>d:\programming\raytracer\raytracer\float3.h(102): warning C4244: '=' : conversion from 'const double' to 'float', possible loss of data
     1>d:\programming\raytracer\raytracer\float3.h(103): warning C4244: '=' : conversion from 'const double' to 'float', possible loss of data
     1>d:\programming\raytracer\raytracer\triangle.hpp(89): warning C4244: '+=' : conversion from 'const double' to 'float', possible loss of data
     1>d:\programming\raytracer\raytracer\triangle.hpp(90): warning C4244: '+=' : conversion from 'const double' to 'float', possible loss of data
     1>d:\programming\raytracer\raytracer\triangle.hpp(91): warning C4244: '+=' : conversion from 'const double' to 'float', possible loss of data
     1>d:\programming\raytracer\raytracer\triangle.hpp(97): warning C4244: '+=' : conversion from 'const double' to 'float', possible loss of data
     1>d:\programming\raytracer\raytracer\triangle.hpp(98): warning C4244: '+=' : conversion from 'const double' to 'float', possible loss of data
     1>d:\programming\raytracer\raytracer\triangle.hpp(99): warning C4244: '+=' : conversion from 'const double' to 'float', possible loss of data
     1>d:\programming\raytracer\raytracer\triangle.hpp(105): warning C4244: '+=' : conversion from 'const double' to 'float', possible loss of data
     1>d:\programming\raytracer\raytracer\triangle.hpp(106): warning C4244: '+=' : conversion from 'const double' to 'float', possible loss of data
     1>d:\programming\raytracer\raytracer\triangle.hpp(107): warning C4244: '+=' : conversion from 'const double' to 'float', possible loss of data
     1>d:\programming\raytracer\raytracer\triangle.hpp(189): warning C4244: 'argument' : conversion from 'double' to 'float', possible loss of data
     1>d:\programming\raytracer\raytracer\bmp.hpp(70): warning C4996: 'localtime': This function or variable may be unsafe. Consider using localtime_s instead. To disable deprecation, use _CRT_SECURE_NO_WARNINGS. See online help for details.
                 d:\program files\microsoft visual studio 11.0\vc\include\time.inl(112) : see declaration of 'localtime'
     1>d:\programming\raytracer\raytracer\bmp.hpp(71): warning C4996: 'sprintf': This function or variable may be unsafe. Consider using sprintf_s instead. To disable deprecation, use _CRT_SECURE_NO_WARNINGS. See online help for details.
                 d:\program files\microsoft visual studio 11.0\vc\include\stdio.h(357) : see declaration of 'sprintf'
     1>d:\programming\raytracer\raytracer\bmp.hpp(72): warning C4996: 'fopen': This function or variable may be unsafe. Consider using fopen_s instead. To disable deprecation, use _CRT_SECURE_NO_WARNINGS. See online help for details.
                 d:\program files\microsoft visual studio 11.0\vc\include\stdio.h(218) : see declaration of 'fopen'
     1>d:\programming\raytracer\raytracer\bmp.hpp(72): warning C4996: 'strcat': This function or variable may be unsafe. Consider using strcat_s instead. To disable deprecation, use _CRT_SECURE_NO_WARNINGS. See online help for details.
                 d:\program files\microsoft visual studio 11.0\vc\include\string.h(115) : see declaration of 'strcat'
     1>d:\programming\raytracer\raytracer\bmp.hpp(82): warning C4018: '<' : signed/unsigned mismatch
     1>d:\programming\raytracer\raytracer\bmp.hpp(86): warning C4018: '<' : signed/unsigned mismatch
     1>d:\programming\raytracer\raytracer\world.hpp(144): warning C4305: 'argument' : truncation from 'double' to 'float'
     1>d:\programming\raytracer\raytracer\ply.hpp(135): warning C4996: 'strcpy': This function or variable may be unsafe. Consider using strcpy_s instead. To disable deprecation, use _CRT_SECURE_NO_WARNINGS. See online help for details.
                 d:\program files\microsoft visual studio 11.0\vc\include\string.h(110) : see declaration of 'strcpy'
     1>d:\programming\raytracer\raytracer\ply.hpp(136): warning C4996: 'sscanf': This function or variable may be unsafe. Consider using sscanf_s instead. To disable deprecation, use _CRT_SECURE_NO_WARNINGS. See online help for details.
                 d:\program files\microsoft visual studio 11.0\vc\include\stdio.h(311) : see declaration of 'sscanf'
     1>d:\programming\raytracer\raytracer\ply.hpp(145): warning C4996: 'strcpy': This function or variable may be unsafe. Consider using strcpy_s instead. To disable deprecation, use _CRT_SECURE_NO_WARNINGS. See online help for details.
                 d:\program files\microsoft visual studio 11.0\vc\include\string.h(110) : see declaration of 'strcpy'
     1>d:\programming\raytracer\raytracer\ply.hpp(146): warning C4996: 'sscanf': This function or variable may be unsafe. Consider using sscanf_s instead. To disable deprecation, use _CRT_SECURE_NO_WARNINGS. See online help for details.
                 d:\program files\microsoft visual studio 11.0\vc\include\stdio.h(311) : see declaration of 'sscanf'
     1>d:\programming\raytracer\raytracer\ply.hpp(164): warning C4996: 'sscanf': This function or variable may be unsafe. Consider using sscanf_s instead. To disable deprecation, use _CRT_SECURE_NO_WARNINGS. See online help for details.
                 d:\program files\microsoft visual studio 11.0\vc\include\stdio.h(311) : see declaration of 'sscanf'
     1>d:\programming\raytracer\raytracer\ply.hpp(184): warning C4996: 'sscanf': This function or variable may be unsafe. Consider using sscanf_s instead. To disable deprecation, use _CRT_SECURE_NO_WARNINGS. See online help for details.
                 d:\program files\microsoft visual studio 11.0\vc\include\stdio.h(311) : see declaration of 'sscanf'
     1>d:\programming\raytracer\raytracer\ply.hpp(245): warning C4996: 'fopen': This function or variable may be unsafe. Consider using fopen_s instead. To disable deprecation, use _CRT_SECURE_NO_WARNINGS. See online help for details.
                 d:\program files\microsoft visual studio 11.0\vc\include\stdio.h(218) : see declaration of 'fopen'
     1>d:\programming\raytracer\raytracer\ply.hpp(253): warning C4996: 'fscanf': This function or variable may be unsafe. Consider using fscanf_s instead. To disable deprecation, use _CRT_SECURE_NO_WARNINGS. See online help for details.
                 d:\program files\microsoft visual studio 11.0\vc\include\stdio.h(237) : see declaration of 'fscanf'
     1>d:\programming\raytracer\raytracer\main.cpp(17): warning C4005: 'EPSILON' : macro redefinition
                 d:\programming\raytracer\raytracer\triangle.hpp(5) : see previous definition of 'EPSILON'
     1>d:\programming\raytracer\raytracer\aabb.h(102): warning C4305: '=' : truncation from 'double' to 'float'
     1>d:\programming\raytracer\raytracer\aabb.h(103): warning C4305: '=' : truncation from 'double' to 'float'
     1>d:\programming\raytracer\raytracer\kdtree.h(176): warning C4305: 'initializing' : truncation from 'double' to 'float'
     1>d:\programming\raytracer\raytracer\basicraytracer.h(165): warning C4244: 'argument' : conversion from 'double' to 'float', possible loss of data
     1>d:\programming\raytracer\raytracer\basicraytracer.h(166): warning C4244: 'argument' : conversion from 'double' to 'float', possible loss of data
     1>d:\programming\raytracer\raytracer\basicraytracer.h(147): warning C4101: 'i' : unreferenced local variable
     1>d:\programming\raytracer\raytracer\kdtreeraytracer.h(22): warning C4101: 'distanse' : unreferenced local variable
     1>d:\programming\raytracer\raytracer\kdtreeraytracer.h(45): warning C4101: 'distanse' : unreferenced local variable
     1>d:\programming\raytracer\raytracer\kdtreeraytracer.h(100): warning C4244: 'argument' : conversion from 'double' to 'float', possible loss of data
     1>d:\programming\raytracer\raytracer\kdtreeraytracer.h(101): warning C4244: 'argument' : conversion from 'double' to 'float', possible loss of data
     1>d:\programming\raytracer\raytracer\kdtreeraytracer.h(84): warning C4101: 'i' : unreferenced local variable
       Link:
         D:\Program Files\Microsoft Visual Studio 11.0\VC\bin\link.exe /ERRORREPORT:PROMPT /OUT:"D:\Programming\raytracer\Debug\raytracer.exe" /INCREMENTAL /NOLOGO kernel32.lib user32.lib gdi32.lib winspool.lib comdlg32.lib advapi32.lib shell32.lib ole32.lib oleaut32.lib uuid.lib odbc32.lib odbccp32.lib /MANIFEST /MANIFESTUAC:"level='asInvoker' uiAccess='false'" /manifest:embed /DEBUG /PDB:"D:\Programming\raytracer\Debug\raytracer.pdb" /SUBSYSTEM:CONSOLE /TLBID:1 /DYNAMICBASE /NXCOMPAT /IMPLIB:"D:\Programming\raytracer\Debug\raytracer.lib" /MACHINE:X86 Debug\main.obj
         raytracer.vcxproj -> D:\Programming\raytracer\Debug\raytracer.exe
     1>Done Building Project "D:\Programming\raytracer\raytracer\raytracer.vcxproj" (Build target(s)).

Build succeeded.

Time Elapsed 00:00:02.71
