Build started 18.03.2017 20:12:51.
     1>Project "D:\Programming\raytracer\raytracer\raytracer.vcxproj" on node 2 (Build target(s)).
     1>ClCompile:
         D:\Program Files\Microsoft Visual Studio 11.0\VC\bin\CL.exe /c /Zi /nologo /W3 /WX- /O2 /Oi /Oy- /GL /D WIN32 /D NDEBUG /D _CONSOLE /D _UNICODE /D UNICODE /Gm- /EHsc /MD /GS /Gy /fp:precise /Zc:wchar_t /Zc:forScope /Fo"Release\\" /Fd"Release\vc110.pdb" /Gd /TP /analyze- /errorReport:prompt main_new.cpp
         main_new.cpp
     1>d:\programming\raytracer\raytracer\Ply.hpp(107): warning C4244: 'argument' : conversion from '__int64' to 'size_t', possible loss of data
     1>d:\programming\raytracer\raytracer\Ply.hpp(108): warning C4244: 'argument' : conversion from '__int64' to 'size_t', possible loss of data
     1>d:\programming\raytracer\raytracer\Ply.hpp(109): warning C4244: 'argument' : conversion from '__int64' to 'size_t', possible loss of data
     1>d:\programming\raytracer\raytracer\Ply.hpp(127): warning C4996: 'strcpy': This function or variable may be unsafe. Consider using strcpy_s instead. To disable deprecation, use _CRT_SECURE_NO_WARNINGS. See online help for details.
                 D:\Program Files\Microsoft Visual Studio 11.0\VC\include\string.h(110) : see declaration of 'strcpy'
     1>d:\programming\raytracer\raytracer\Ply.hpp(128): warning C4996: 'sscanf': This function or variable may be unsafe. Consider using sscanf_s instead. To disable deprecation, use _CRT_SECURE_NO_WARNINGS. See online help for details.
                 D:\Program Files\Microsoft Visual Studio 11.0\VC\include\stdio.h(311) : see declaration of 'sscanf'
     1>d:\programming\raytracer\raytracer\Ply.hpp(136): warning C4996: 'strcpy': This function or variable may be unsafe. Consider using strcpy_s instead. To disable deprecation, use _CRT_SECURE_NO_WARNINGS. See online help for details.
                 D:\Program Files\Microsoft Visual Studio 11.0\VC\include\string.h(110) : see declaration of 'strcpy'
     1>d:\programming\raytracer\raytracer\Ply.hpp(137): warning C4996: 'sscanf': This function or variable may be unsafe. Consider using sscanf_s instead. To disable deprecation, use _CRT_SECURE_NO_WARNINGS. See online help for details.
                 D:\Program Files\Microsoft Visual Studio 11.0\VC\include\stdio.h(311) : see declaration of 'sscanf'
     1>d:\programming\raytracer\raytracer\Ply.hpp(157): warning C4996: 'sscanf': This function or variable may be unsafe. Consider using sscanf_s instead. To disable deprecation, use _CRT_SECURE_NO_WARNINGS. See online help for details.
                 D:\Program Files\Microsoft Visual Studio 11.0\VC\include\stdio.h(311) : see declaration of 'sscanf'
     1>d:\programming\raytracer\raytracer\Ply.hpp(176): warning C4996: 'sscanf': This function or variable may be unsafe. Consider using sscanf_s instead. To disable deprecation, use _CRT_SECURE_NO_WARNINGS. See online help for details.
                 D:\Program Files\Microsoft Visual Studio 11.0\VC\include\stdio.h(311) : see declaration of 'sscanf'
     1>d:\programming\raytracer\raytracer\Ply.hpp(154): warning C4101: 'e' : unreferenced local variable
     1>d:\programming\raytracer\raytracer\Ply.hpp(236): warning C4996: 'fopen': This function or variable may be unsafe. Consider using fopen_s instead. To disable deprecation, use _CRT_SECURE_NO_WARNINGS. See online help for details.
                 D:\Program Files\Microsoft Visual Studio 11.0\VC\include\stdio.h(218) : see declaration of 'fopen'
     1>d:\programming\raytracer\raytracer\Ply.hpp(244): warning C4996: 'fscanf': This function or variable may be unsafe. Consider using fscanf_s instead. To disable deprecation, use _CRT_SECURE_NO_WARNINGS. See online help for details.
                 D:\Program Files\Microsoft Visual Studio 11.0\VC\include\stdio.h(237) : see declaration of 'fscanf'
       Link:
         D:\Program Files\Microsoft Visual Studio 11.0\VC\bin\link.exe /ERRORREPORT:PROMPT /OUT:"D:\Programming\raytracer\Release\raytracer.exe" /INCREMENTAL:NO /NOLOGO kernel32.lib user32.lib gdi32.lib winspool.lib comdlg32.lib advapi32.lib shell32.lib ole32.lib oleaut32.lib uuid.lib odbc32.lib odbccp32.lib /MANIFEST /MANIFESTUAC:"level='asInvoker' uiAccess='false'" /manifest:embed /DEBUG /PDB:"D:\Programming\raytracer\Release\raytracer.pdb" /SUBSYSTEM:CONSOLE /OPT:REF /OPT:ICF /LTCG /TLBID:1 /DYNAMICBASE /NXCOMPAT /IMPLIB:"D:\Programming\raytracer\Release\raytracer.lib" /MACHINE:X86 /SAFESEH Release\main_new.obj
         Generating code
         Finished generating code
         raytracer.vcxproj -> D:\Programming\raytracer\Release\raytracer.exe
     1>Done Building Project "D:\Programming\raytracer\raytracer\raytracer.vcxproj" (Build target(s)).

Build succeeded.

Time Elapsed 00:00:02.38
